Wed Apr 15 17:17:53 CEST 2015 : Apache Derby Network Server - 10.10.2.0 - (1582446) démarré et prêt à accepter les connexions sur le port 1527
----------------------------------------------------------------
Wed Apr 15 17:17:54 CEST 2015:
Amorçage de Derby version The Apache Software Foundation - Apache Derby - 10.10.2.0 - (1582446) : instance a816c00e-014c-bda8-6913-ffffcac4468f 
dans le répertoire de base de données /home/raynak/Universite/M1S2/CAR/JEE/biblio_db/Biblio avec le chargeur de classe sun.misc.Launcher$AppClassLoader@77a477b7
Chargé de file:/usr/local/glassfish-4.1/javadb/lib/derby.jar
java.vendor=Oracle Corporation
java.runtime.version=1.7.0_75-mockbuild_2015_01_21_08_43-b00
user.dir=/usr/local/glassfish-4.1/javadb
os.name=Linux
os.arch=amd64
os.version=3.19.3-100.fc20.x86_64
derby.system.home=/home/raynak/Universite/M1S2/CAR/JEE/biblio_db
Chargeur de classe de la base de données démarré - derby.database.classpath = ''
----------------------------------------------------------------
Wed Apr 15 17:18:05 CEST 2015:
Fermeture de l'instance a816c00e-014c-bda8-6913-ffffcac4468f sur le répertoire de base de données /home/raynak/Universite/M1S2/CAR/JEE/biblio_db/Biblio avec le chargeur de classe sun.misc.Launcher$AppClassLoader@77a477b7 
Wed Apr 15 17:18:06 CEST 2015 Thread[DRDAConnThread_3,5,main] (DATABASE = Biblio), (DRDAID = {2}), Arrêt de la base de données 'Biblio'.
----------------------------------------------------------------
Wed Apr 15 17:19:45 CEST 2015:
Amorçage de Derby version The Apache Software Foundation - Apache Derby - 10.10.2.0 - (1582446) : instance 560740aa-014c-bda8-6913-ffffcac4468f 
dans le répertoire de base de données /home/raynak/Universite/M1S2/CAR/JEE/biblio_db/Biblio avec le chargeur de classe sun.misc.Launcher$AppClassLoader@77a477b7
Chargé de file:/usr/local/glassfish-4.1/javadb/lib/derby.jar
java.vendor=Oracle Corporation
java.runtime.version=1.7.0_75-mockbuild_2015_01_21_08_43-b00
user.dir=/usr/local/glassfish-4.1/javadb
os.name=Linux
os.arch=amd64
os.version=3.19.3-100.fc20.x86_64
derby.system.home=/home/raynak/Universite/M1S2/CAR/JEE/biblio_db
Chargeur de classe de la base de données démarré - derby.database.classpath = ''
